


ARM Macro Assembler    Page 1 


    1 00000000                 AREA             RESET, CODE, READONLY
    2 00000000                 ENTRY
    3 00000000         START
    4 00000000 E28F4048        ADR              R4,SRC
    5 00000004 E59F5054        LDR              R5,=DST
    6 00000008 EB000000        BL               SUB1        ; Branch to subrout
                                                            ine SUB1
    7 0000000C EAFFFFFE 
                       STOP    B                STOP        ; while(1)
    8 00000010 E4940004 
                       SUB1    LDR              R0,[R4],#4  ; Load first value 
                                                            from SRC into R0, i
                                                            ncrement R4 by 4 i.
                                                            e., next byte
    9 00000014 E4941004        LDR              R1,[R4],#4  ; Load second value
                                                             from SRC into R1, 
                                                            increment R4 
   10 00000018 E1500001        CMP              R0,R1       ; Compare R0 and R1
                                                            
   11 0000001C AA000006        BGE              FB1         ; Branch to FB1 if 
                                                            R0 >= R1
   12 00000020 E4940004        LDR              R0,[R4],#4  ; Load third value 
                                                            from SRC into R0, i
                                                            ncrement R4 by 4
   13 00000024 E4941004        LDR              R1,[R4],#4  ; Load fourth value
                                                             from SRC into R1, 
                                                            increment R4 by 4
   14 00000028 E0800001        ADD              R0,R0,R1
   15 0000002C E3A02005        MOV              R2,#5
   16 00000030 E4852004        STR              R2,[R5],#4  ; Store R2 at DST, 
                                                            increment R5 by 4
   17 00000034 E5850000        STR              R0,[R5]     ; Store R0 at DST (
                                                            overwriting previou
                                                            s value)
   18 00000038 EA000003        B                AFT
   19 0000003C E4940004 
                       FB1     LDR              R0,[R4],#4  ; Load third value 
                                                            from SRC into R0, i
                                                            ncrement R4, bcs be
                                                            fore BGE 2nd value 
                                                            was loaded 
   20 00000040 E5941000        LDR              R1,[R4]     ; Load fourth value
                                                             from SRC into R1 
   21 00000044 E0400001        SUB              R0,R0,R1    ; Subtract R1 from 
                                                            R0, stores at R0
   22 00000048 E5850004        STR              R0,[R5,#4]  ; Store R0 at DST +
                                                             4
   23 0000004C E1A0F00E 
                       AFT     MOV              PC,LR       ; Return from subro
                                                            utine, LINE 6
   24 00000050 00000040 
              00000040 
              00000030 
              00000010 SRC     DCD              0x40, 0x40, 0x30, 0x10
   25 00000060 00000000        AREA             RESULT, DATA, READWRITE
   26 00000000 00000000 
              00000000 DST     DCD              0, 0
   27 00000008         END
                       



ARM Macro Assembler    Page 2 


Command Line: --debug --xref --diag_suppress=9931 --apcs=interwork --depend=.\o
bjects\q1_code01.d -o.\objects\q1_code01.o -IC:\Keil_v5\ARM\RV31\INC -IC:\Keil_
v5\ARM\CMSIS\Include -IC:\Keil_v5\ARM\INC\Philips --predefine="__EVAL SETA 1" -
-predefine="__UVISION_VERSION SETA 526" --list=.\listings\q1_code01.lst Q1_Code
01.s



ARM Macro Assembler    Page 1 Alphabetic symbol ordering
Relocatable symbols

AFT 0000004C

Symbol: AFT
   Definitions
      At line 23 in file Q1_Code01.s
   Uses
      At line 18 in file Q1_Code01.s
Comment: AFT used once
FB1 0000003C

Symbol: FB1
   Definitions
      At line 19 in file Q1_Code01.s
   Uses
      At line 11 in file Q1_Code01.s
Comment: FB1 used once
RESET 00000000

Symbol: RESET
   Definitions
      At line 1 in file Q1_Code01.s
   Uses
      None
Comment: RESET unused
SRC 00000050

Symbol: SRC
   Definitions
      At line 24 in file Q1_Code01.s
   Uses
      At line 4 in file Q1_Code01.s
Comment: SRC used once
START 00000000

Symbol: START
   Definitions
      At line 3 in file Q1_Code01.s
   Uses
      None
Comment: START unused
STOP 0000000C

Symbol: STOP
   Definitions
      At line 7 in file Q1_Code01.s
   Uses
      At line 7 in file Q1_Code01.s
Comment: STOP used once
SUB1 00000010

Symbol: SUB1
   Definitions
      At line 8 in file Q1_Code01.s
   Uses
      At line 6 in file Q1_Code01.s
Comment: SUB1 used once
7 symbols



ARM Macro Assembler    Page 1 Alphabetic symbol ordering
Relocatable symbols

DST 00000000

Symbol: DST
   Definitions
      At line 26 in file Q1_Code01.s
   Uses
      At line 5 in file Q1_Code01.s
Comment: DST used once
END 00000008

Symbol: END
   Definitions
      At line 27 in file Q1_Code01.s
   Uses
      None
Comment: END unused
RESULT 00000000

Symbol: RESULT
   Definitions
      At line 25 in file Q1_Code01.s
   Uses
      None
Comment: RESULT unused
3 symbols
344 symbols in table
