


ARM Macro Assembler    Page 1 


    1 00000000                 AREA             RESET, CODE, READONLY
    2 00000000                 ENTRY
    3 00000000         START
    4 00000000 E28F4034        ADR              R4,SRC
    5 00000004 E59F5040        LDR              R5,=DST
    6 00000008 EB000000        BL               SUB1
    7 0000000C EAFFFFFE 
                       STOP    B                STOP
    8 00000010 E4940004 
                       SUB1    LDR              R0,[R4],#4
    9 00000014 E4941004        LDR              R1,[R4],#4
   10 00000018 E1500001        CMP              R0,R1
   11 0000001C E4940004        LDR              R0,[R4],#4
   12 00000020 E5941000        LDR              R1,[R4]
   13 00000024 B3A02005        MOVLT            R2,#5
   14 00000028 B5852000        STRLT            R2,[R5]
   15 0000002C B0800001        ADDLT            R0, R0, R1
   16 00000030 A0400001        SUBGE            R0, R0, R1
   17 00000034 E5850004        STR              R0,[R5,#4]
   18 00000038 E1A0F00E 
                       AFT     MOV              PC,LR
   19 0000003C 00000040 
              00000040 
              00000030 
              00000010 SRC     DCD              0x40, 0x40, 0x30, 0x10
   20 0000004C 00000000        AREA             RESULT, DATA, READWRITE
   21 00000000 00000000 
              00000000 DST     DCD              0, 0
   22 00000008         END
                       
Command Line: --debug --xref --diag_suppress=9931 --apcs=interwork --depend=.\o
bjects\q1_code02.d -o.\objects\q1_code02.o -IC:\Keil_v5\ARM\RV31\INC -IC:\Keil_
v5\ARM\CMSIS\Include -IC:\Keil_v5\ARM\INC\Philips --predefine="__EVAL SETA 1" -
-predefine="__UVISION_VERSION SETA 526" --list=.\listings\q1_code02.lst Q1_Code
02.s



ARM Macro Assembler    Page 1 Alphabetic symbol ordering
Relocatable symbols

AFT 00000038

Symbol: AFT
   Definitions
      At line 18 in file Q1_Code02.s
   Uses
      None
Comment: AFT unused
RESET 00000000

Symbol: RESET
   Definitions
      At line 1 in file Q1_Code02.s
   Uses
      None
Comment: RESET unused
SRC 0000003C

Symbol: SRC
   Definitions
      At line 19 in file Q1_Code02.s
   Uses
      At line 4 in file Q1_Code02.s
Comment: SRC used once
START 00000000

Symbol: START
   Definitions
      At line 3 in file Q1_Code02.s
   Uses
      None
Comment: START unused
STOP 0000000C

Symbol: STOP
   Definitions
      At line 7 in file Q1_Code02.s
   Uses
      At line 7 in file Q1_Code02.s
Comment: STOP used once
SUB1 00000010

Symbol: SUB1
   Definitions
      At line 8 in file Q1_Code02.s
   Uses
      At line 6 in file Q1_Code02.s
Comment: SUB1 used once
6 symbols



ARM Macro Assembler    Page 1 Alphabetic symbol ordering
Relocatable symbols

DST 00000000

Symbol: DST
   Definitions
      At line 21 in file Q1_Code02.s
   Uses
      At line 5 in file Q1_Code02.s
Comment: DST used once
END 00000008

Symbol: END
   Definitions
      At line 22 in file Q1_Code02.s
   Uses
      None
Comment: END unused
RESULT 00000000

Symbol: RESULT
   Definitions
      At line 20 in file Q1_Code02.s
   Uses
      None
Comment: RESULT unused
3 symbols
343 symbols in table
