


ARM Macro Assembler    Page 1 


    1 00000000                 AREA             RESET, CODE, READONLY
    2 00000000                 ENTRY
    3 00000000         START
    4 00000000 E28F405C        ADR              R4,SRC      ; Point R4 to the s
                                                            ource data
    5 00000004 E3A05000        MOV              R5,#0       ; loading value 0 t
                                                            o R5
    6 00000008 E3A06001        MOV              R6,#1       ; Loadig value 1 to
                                                             R6
    7 0000000C E3A00000        MOV              R0,#0       ; Initialize count 
                                                            of 0's
    8 00000010 E3A01000        MOV              R1,#0       ; Initialize count 
                                                            of 1's
    9 00000014 E3A02005        MOV              R2,#5       ; Loop counter, to 
                                                            count 5 digits
   10 00000018 EB000000        BL               SUB1        ; Branch to subrout
                                                            ine SUB1
   11 0000001C EAFFFFFE 
                       STOP    B                STOP
   12 00000020         
   13 00000020 E4943004 
                       SUB1    LDR              R3,[R4],#4  ; Load first value 
                                                            from SRC into R0, i
                                                            ncrement R4 by 4 i.
                                                            e., next byte
   14 00000024 E1530005        CMP              R3,R5       ; Compare R3 and R5
                                                            
   15 00000028 0A000004        BEQ              FB1         ; Branch to FB1 if 
                                                            R3 == R5
   16 0000002C E1530006        CMP              R3,R6       ; Compare R3 and R6
                                                            
   17 00000030 0A000006        BEQ              FB2         ; Branch to FB2 if 
                                                            R3 == R6
   18 00000034 E2522001        SUBS             R2, R2, #1  ; Decrement loop co
                                                            unter
   19 00000038 1AFFFFF8        BNE              SUB1
   20 0000003C EA000007        B                AFT
   21 00000040 E2800001 
                       FB1     ADD              R0, #1
   22 00000044 E2522001        SUBS             R2, R2, #1
   23 00000048 1AFFFFF4        BNE              SUB1
   24 0000004C EA000003        B                AFT
   25 00000050 E2811001 
                       FB2     ADD              R1, #1
   26 00000054 E2522001        SUBS             R2, R2, #1
   27 00000058 1AFFFFF0        BNE              SUB1
   28 0000005C EAFFFFFF        B                AFT
   29 00000060 E1A0F00E 
                       AFT     MOV              PC,LR       ; Return from subro
                                                            utine, LINE 6
   30 00000064 00000000 
              00000001 
              00000006 
              00000000 
              00000003 SRC     DCD              0, 1, 6, 0, 3
   31 00000078                 AREA             RESULT, DATA, READWRITE
   32 00000000         END
                       
Command Line: --debug --xref --diag_suppress=9931 --apcs=interwork --depend=.\o



ARM Macro Assembler    Page 2 


bjects\q2_code.d -o.\objects\q2_code.o -IC:\Keil_v5\ARM\RV31\INC -IC:\Keil_v5\A
RM\CMSIS\Include -IC:\Keil_v5\ARM\INC\Philips --predefine="__EVAL SETA 1" --pre
define="__UVISION_VERSION SETA 526" --list=.\listings\q2_code.lst Q2_CODE.s



ARM Macro Assembler    Page 1 Alphabetic symbol ordering
Relocatable symbols

AFT 00000060

Symbol: AFT
   Definitions
      At line 29 in file Q2_CODE.s
   Uses
      At line 20 in file Q2_CODE.s
      At line 24 in file Q2_CODE.s
      At line 28 in file Q2_CODE.s

FB1 00000040

Symbol: FB1
   Definitions
      At line 21 in file Q2_CODE.s
   Uses
      At line 15 in file Q2_CODE.s
Comment: FB1 used once
FB2 00000050

Symbol: FB2
   Definitions
      At line 25 in file Q2_CODE.s
   Uses
      At line 17 in file Q2_CODE.s
Comment: FB2 used once
RESET 00000000

Symbol: RESET
   Definitions
      At line 1 in file Q2_CODE.s
   Uses
      None
Comment: RESET unused
SRC 00000064

Symbol: SRC
   Definitions
      At line 30 in file Q2_CODE.s
   Uses
      At line 4 in file Q2_CODE.s
Comment: SRC used once
START 00000000

Symbol: START
   Definitions
      At line 3 in file Q2_CODE.s
   Uses
      None
Comment: START unused
STOP 0000001C

Symbol: STOP
   Definitions
      At line 11 in file Q2_CODE.s
   Uses
      At line 11 in file Q2_CODE.s
Comment: STOP used once
SUB1 00000020



ARM Macro Assembler    Page 2 Alphabetic symbol ordering
Relocatable symbols


Symbol: SUB1
   Definitions
      At line 13 in file Q2_CODE.s
   Uses
      At line 10 in file Q2_CODE.s
      At line 19 in file Q2_CODE.s
      At line 23 in file Q2_CODE.s
      At line 27 in file Q2_CODE.s

8 symbols



ARM Macro Assembler    Page 1 Alphabetic symbol ordering
Relocatable symbols

END 00000000

Symbol: END
   Definitions
      At line 32 in file Q2_CODE.s
   Uses
      None
Comment: END unused
RESULT 00000000

Symbol: RESULT
   Definitions
      At line 31 in file Q2_CODE.s
   Uses
      None
Comment: RESULT unused
2 symbols
342 symbols in table
